2024-07-01T16:54:47.011Z - Invalid character in name
Error: Invalid character in name
    at XMLStringifier.module.exports.XMLStringifier.assertLegalName (/root/netrunnerNestJS/node_modules/xmlbuilder/lib/XMLStringifier.js:213:15)
    at XMLStringifier.assertLegalName (/root/netrunnerNestJS/node_modules/xmlbuilder/lib/XMLStringifier.js:4:59)
    at XMLStringifier.module.exports.XMLStringifier.name (/root/netrunnerNestJS/node_modules/xmlbuilder/lib/XMLStringifier.js:29:19)
    at new XMLElement (/root/netrunnerNestJS/node_modules/xmlbuilder/lib/XMLElement.js:26:34)
    at XMLElement.module.exports.XMLNode.node (/root/netrunnerNestJS/node_modules/xmlbuilder/lib/XMLNode.js:304:15)
    at XMLElement.module.exports.XMLNode.element (/root/netrunnerNestJS/node_modules/xmlbuilder/lib/XMLNode.js:236:28)
    at XMLElement.module.exports.XMLNode.ele (/root/netrunnerNestJS/node_modules/xmlbuilder/lib/XMLNode.js:531:19)
    at /root/netrunnerNestJS/node_modules/xml2js/lib/builder.js:100:42
    at /root/netrunnerNestJS/node_modules/xml2js/lib/builder.js:100:27
    at /root/netrunnerNestJS/node_modules/xml2js/lib/builder.js:100:272024-07-01T16:55:04.674Z - Invalid character in name
Error: Invalid character in name
    at XMLStringifier.module.exports.XMLStringifier.assertLegalName (/root/netrunnerNestJS/node_modules/xmlbuilder/lib/XMLStringifier.js:213:15)
    at XMLStringifier.assertLegalName (/root/netrunnerNestJS/node_modules/xmlbuilder/lib/XMLStringifier.js:4:59)
    at XMLStringifier.module.exports.XMLStringifier.name (/root/netrunnerNestJS/node_modules/xmlbuilder/lib/XMLStringifier.js:29:19)
    at new XMLElement (/root/netrunnerNestJS/node_modules/xmlbuilder/lib/XMLElement.js:26:34)
    at XMLElement.module.exports.XMLNode.node (/root/netrunnerNestJS/node_modules/xmlbuilder/lib/XMLNode.js:304:15)
    at XMLElement.module.exports.XMLNode.element (/root/netrunnerNestJS/node_modules/xmlbuilder/lib/XMLNode.js:236:28)
    at XMLElement.module.exports.XMLNode.ele (/root/netrunnerNestJS/node_modules/xmlbuilder/lib/XMLNode.js:531:19)
    at /root/netrunnerNestJS/node_modules/xml2js/lib/builder.js:100:42
    at /root/netrunnerNestJS/node_modules/xml2js/lib/builder.js:100:27
    at /root/netrunnerNestJS/node_modules/xml2js/lib/builder.js:100:27